<?xml version="1.0" encoding="UTF-8"?>
<testsuite xmlns:xsi="http://www.w3.org/2001/XMLSchema-instance" xsi:noNamespaceSchemaLocation="https://maven.apache.org/surefire/maven-surefire-plugin/xsd/surefire-test-report.xsd" name="com.nexca.regserver.AppTest" time="0.029" tests="1" errors="0" skipped="0" failures="0">
  <properties>
    <property name="sun.desktop" value="windows"/>
    <property name="awt.toolkit" value="sun.awt.windows.WToolkit"/>
    <property name="file.encoding.pkg" value="sun.io"/>
    <property name="java.specification.version" value="1.8"/>
    <property name="sun.cpu.isalist" value="amd64"/>
    <property name="sun.jnu.encoding" value="Cp1252"/>
    <property name="java.class.path" value="C:\workspaces_arquitectura\spring-boot-workspaces\workspace_microservicios\microservices-sample-project\discovery-server\target\test-classes;C:\workspaces_arquitectura\spring-boot-workspaces\workspace_microservicios\microservices-sample-project\discovery-server\target\classes;C:\RepositorioMaven\org\springframework\boot\spring-boot-starter-web\2.0.0.RELEASE\spring-boot-starter-web-2.0.0.RELEASE.jar;C:\RepositorioMaven\org\springframework\boot\spring-boot-starter\2.0.0.RELEASE\spring-boot-starter-2.0.0.RELEASE.jar;C:\RepositorioMaven\org\springframework\boot\spring-boot-starter-logging\2.0.0.RELEASE\spring-boot-starter-logging-2.0.0.RELEASE.jar;C:\RepositorioMaven\org\apache\logging\log4j\log4j-to-slf4j\2.10.0\log4j-to-slf4j-2.10.0.jar;C:\RepositorioMaven\org\apache\logging\log4j\log4j-api\2.10.0\log4j-api-2.10.0.jar;C:\RepositorioMaven\org\slf4j\jul-to-slf4j\1.7.25\jul-to-slf4j-1.7.25.jar;C:\RepositorioMaven\javax\annotation\javax.annotation-api\1.3.2\javax.annotation-api-1.3.2.jar;C:\RepositorioMaven\org\yaml\snakeyaml\1.19\snakeyaml-1.19.jar;C:\RepositorioMaven\org\springframework\boot\spring-boot-starter-json\2.0.0.RELEASE\spring-boot-starter-json-2.0.0.RELEASE.jar;C:\RepositorioMaven\com\fasterxml\jackson\core\jackson-databind\2.9.3\jackson-databind-2.9.3.jar;C:\RepositorioMaven\com\fasterxml\jackson\datatype\jackson-datatype-jdk8\2.9.3\jackson-datatype-jdk8-2.9.3.jar;C:\RepositorioMaven\com\fasterxml\jackson\datatype\jackson-datatype-jsr310\2.9.3\jackson-datatype-jsr310-2.9.3.jar;C:\RepositorioMaven\com\fasterxml\jackson\module\jackson-module-parameter-names\2.9.3\jackson-module-parameter-names-2.9.3.jar;C:\RepositorioMaven\org\hibernate\validator\hibernate-validator\6.0.7.Final\hibernate-validator-6.0.7.Final.jar;C:\RepositorioMaven\javax\validation\validation-api\2.0.1.Final\validation-api-2.0.1.Final.jar;C:\RepositorioMaven\org\jboss\logging\jboss-logging\3.3.2.Final\jboss-logging-3.3.2.Final.jar;C:\RepositorioMaven\com\fasterxml\classmate\1.3.4\classmate-1.3.4.jar;C:\RepositorioMaven\org\springframework\spring-web\5.0.4.RELEASE\spring-web-5.0.4.RELEASE.jar;C:\RepositorioMaven\org\springframework\spring-beans\5.0.4.RELEASE\spring-beans-5.0.4.RELEASE.jar;C:\RepositorioMaven\org\springframework\spring-webmvc\5.0.4.RELEASE\spring-webmvc-5.0.4.RELEASE.jar;C:\RepositorioMaven\org\springframework\spring-aop\5.0.4.RELEASE\spring-aop-5.0.4.RELEASE.jar;C:\RepositorioMaven\org\springframework\spring-context\5.0.4.RELEASE\spring-context-5.0.4.RELEASE.jar;C:\RepositorioMaven\org\springframework\spring-expression\5.0.4.RELEASE\spring-expression-5.0.4.RELEASE.jar;C:\RepositorioMaven\org\springframework\boot\spring-boot-starter-undertow\2.0.0.RELEASE\spring-boot-starter-undertow-2.0.0.RELEASE.jar;C:\RepositorioMaven\io\undertow\undertow-core\1.4.22.Final\undertow-core-1.4.22.Final.jar;C:\RepositorioMaven\org\jboss\xnio\xnio-api\3.3.8.Final\xnio-api-3.3.8.Final.jar;C:\RepositorioMaven\org\jboss\xnio\xnio-nio\3.3.8.Final\xnio-nio-3.3.8.Final.jar;C:\RepositorioMaven\io\undertow\undertow-servlet\1.4.22.Final\undertow-servlet-1.4.22.Final.jar;C:\RepositorioMaven\org\jboss\spec\javax\annotation\jboss-annotations-api_1.2_spec\1.0.0.Final\jboss-annotations-api_1.2_spec-1.0.0.Final.jar;C:\RepositorioMaven\io\undertow\undertow-websockets-jsr\1.4.22.Final\undertow-websockets-jsr-1.4.22.Final.jar;C:\RepositorioMaven\org\jboss\spec\javax\websocket\jboss-websocket-api_1.1_spec\1.1.0.Final\jboss-websocket-api_1.1_spec-1.1.0.Final.jar;C:\RepositorioMaven\javax\servlet\javax.servlet-api\3.1.0\javax.servlet-api-3.1.0.jar;C:\RepositorioMaven\org\glassfish\javax.el\3.0.0\javax.el-3.0.0.jar;C:\RepositorioMaven\org\springframework\cloud\spring-cloud-starter\2.0.0.M8\spring-cloud-starter-2.0.0.M8.jar;C:\RepositorioMaven\org\springframework\cloud\spring-cloud-context\2.0.0.M8\spring-cloud-context-2.0.0.M8.jar;C:\RepositorioMaven\org\springframework\security\spring-security-crypto\5.0.3.RELEASE\spring-security-crypto-5.0.3.RELEASE.jar;C:\RepositorioMaven\org\springframework\cloud\spring-cloud-commons\2.0.0.M8\spring-cloud-commons-2.0.0.M8.jar;C:\RepositorioMaven\org\apache\httpcomponents\httpclient\4.5.5\httpclient-4.5.5.jar;C:\RepositorioMaven\org\apache\httpcomponents\httpcore\4.4.9\httpcore-4.4.9.jar;C:\RepositorioMaven\commons-codec\commons-codec\1.11\commons-codec-1.11.jar;C:\RepositorioMaven\org\springframework\security\spring-security-rsa\1.0.5.RELEASE\spring-security-rsa-1.0.5.RELEASE.jar;C:\RepositorioMaven\org\bouncycastle\bcpkix-jdk15on\1.56\bcpkix-jdk15on-1.56.jar;C:\RepositorioMaven\org\bouncycastle\bcprov-jdk15on\1.56\bcprov-jdk15on-1.56.jar;C:\RepositorioMaven\org\springframework\cloud\spring-cloud-starter-netflix-eureka-server\2.0.0.M7\spring-cloud-starter-netflix-eureka-server-2.0.0.M7.jar;C:\RepositorioMaven\org\springframework\cloud\spring-cloud-netflix-eureka-server\2.0.0.M7\spring-cloud-netflix-eureka-server-2.0.0.M7.jar;C:\RepositorioMaven\org\springframework\boot\spring-boot-starter-actuator\2.0.0.RELEASE\spring-boot-starter-actuator-2.0.0.RELEASE.jar;C:\RepositorioMaven\org\springframework\boot\spring-boot-actuator-autoconfigure\2.0.0.RELEASE\spring-boot-actuator-autoconfigure-2.0.0.RELEASE.jar;C:\RepositorioMaven\org\springframework\boot\spring-boot-actuator\2.0.0.RELEASE\spring-boot-actuator-2.0.0.RELEASE.jar;C:\RepositorioMaven\io\micrometer\micrometer-core\1.0.1\micrometer-core-1.0.1.jar;C:\RepositorioMaven\org\hdrhistogram\HdrHistogram\2.1.10\HdrHistogram-2.1.10.jar;C:\RepositorioMaven\org\latencyutils\LatencyUtils\2.0.3\LatencyUtils-2.0.3.jar;C:\RepositorioMaven\org\springframework\boot\spring-boot-starter-freemarker\2.0.0.RELEASE\spring-boot-starter-freemarker-2.0.0.RELEASE.jar;C:\RepositorioMaven\org\freemarker\freemarker\2.3.27-incubating\freemarker-2.3.27-incubating.jar;C:\RepositorioMaven\org\springframework\spring-context-support\5.0.4.RELEASE\spring-context-support-5.0.4.RELEASE.jar;C:\RepositorioMaven\org\springframework\cloud\spring-cloud-netflix-core\2.0.0.M7\spring-cloud-netflix-core-2.0.0.M7.jar;C:\RepositorioMaven\org\springframework\boot\spring-boot-starter-aop\2.0.0.RELEASE\spring-boot-starter-aop-2.0.0.RELEASE.jar;C:\RepositorioMaven\org\aspectj\aspectjweaver\1.8.13\aspectjweaver-1.8.13.jar;C:\RepositorioMaven\org\springframework\cloud\spring-cloud-netflix-eureka-client\2.0.0.M7\spring-cloud-netflix-eureka-client-2.0.0.M7.jar;C:\RepositorioMaven\com\netflix\eureka\eureka-client\1.8.6\eureka-client-1.8.6.jar;C:\RepositorioMaven\org\codehaus\jettison\jettison\1.3.7\jettison-1.3.7.jar;C:\RepositorioMaven\stax\stax-api\1.0.1\stax-api-1.0.1.jar;C:\RepositorioMaven\com\netflix\netflix-commons\netflix-eventbus\0.3.0\netflix-eventbus-0.3.0.jar;C:\RepositorioMaven\com\netflix\netflix-commons\netflix-infix\0.3.0\netflix-infix-0.3.0.jar;C:\RepositorioMaven\commons-jxpath\commons-jxpath\1.3\commons-jxpath-1.3.jar;C:\RepositorioMaven\joda-time\joda-time\2.9.9\joda-time-2.9.9.jar;C:\RepositorioMaven\org\antlr\antlr-runtime\3.4\antlr-runtime-3.4.jar;C:\RepositorioMaven\org\antlr\stringtemplate\3.2.1\stringtemplate-3.2.1.jar;C:\RepositorioMaven\antlr\antlr\2.7.7\antlr-2.7.7.jar;C:\RepositorioMaven\com\google\code\gson\gson\2.8.2\gson-2.8.2.jar;C:\RepositorioMaven\org\apache\commons\commons-math\2.2\commons-math-2.2.jar;C:\RepositorioMaven\javax\ws\rs\jsr311-api\1.1.1\jsr311-api-1.1.1.jar;C:\RepositorioMaven\com\netflix\servo\servo-core\0.10.1\servo-core-0.10.1.jar;C:\RepositorioMaven\com\netflix\servo\servo-internal\0.10.1\servo-internal-0.10.1.jar;C:\RepositorioMaven\com\sun\jersey\jersey-core\1.19.1\jersey-core-1.19.1.jar;C:\RepositorioMaven\com\sun\jersey\jersey-client\1.19.1\jersey-client-1.19.1.jar;C:\RepositorioMaven\com\sun\jersey\contribs\jersey-apache-client4\1.19.1\jersey-apache-client4-1.19.1.jar;C:\RepositorioMaven\com\google\inject\guice\4.1.0\guice-4.1.0.jar;C:\RepositorioMaven\aopalliance\aopalliance\1.0\aopalliance-1.0.jar;C:\RepositorioMaven\com\github\vlsi\compactmap\compactmap\1.2.1\compactmap-1.2.1.jar;C:\RepositorioMaven\com\github\andrewoma\dexx\dexx-collections\0.2\dexx-collections-0.2.jar;C:\RepositorioMaven\com\sun\jersey\jersey-servlet\1.19.1\jersey-servlet-1.19.1.jar;C:\RepositorioMaven\com\sun\jersey\jersey-server\1.19.1\jersey-server-1.19.1.jar;C:\RepositorioMaven\com\netflix\eureka\eureka-core\1.8.6\eureka-core-1.8.6.jar;C:\RepositorioMaven\org\codehaus\woodstox\woodstox-core-asl\4.4.1\woodstox-core-asl-4.4.1.jar;C:\RepositorioMaven\javax\xml\stream\stax-api\1.0-2\stax-api-1.0-2.jar;C:\RepositorioMaven\com\netflix\archaius\archaius-core\0.7.5\archaius-core-0.7.5.jar;C:\RepositorioMaven\com\google\code\findbugs\jsr305\3.0.1\jsr305-3.0.1.jar;C:\RepositorioMaven\javax\inject\javax.inject\1\javax.inject-1.jar;C:\RepositorioMaven\com\fasterxml\jackson\dataformat\jackson-dataformat-xml\2.9.3\jackson-dataformat-xml-2.9.3.jar;C:\RepositorioMaven\com\fasterxml\jackson\module\jackson-module-jaxb-annotations\2.9.3\jackson-module-jaxb-annotations-2.9.3.jar;C:\RepositorioMaven\org\codehaus\woodstox\stax2-api\3.1.4\stax2-api-3.1.4.jar;C:\RepositorioMaven\com\fasterxml\woodstox\woodstox-core\5.0.3\woodstox-core-5.0.3.jar;C:\RepositorioMaven\com\thoughtworks\xstream\xstream\1.4.9\xstream-1.4.9.jar;C:\RepositorioMaven\xmlpull\xmlpull\1.1.3.1\xmlpull-1.1.3.1.jar;C:\RepositorioMaven\xpp3\xpp3_min\1.1.4c\xpp3_min-1.1.4c.jar;C:\RepositorioMaven\org\springframework\cloud\spring-cloud-starter-netflix-archaius\2.0.0.M7\spring-cloud-starter-netflix-archaius-2.0.0.M7.jar;C:\RepositorioMaven\org\springframework\cloud\spring-cloud-netflix-ribbon\2.0.0.M7\spring-cloud-netflix-ribbon-2.0.0.M7.jar;C:\RepositorioMaven\org\springframework\cloud\spring-cloud-netflix-archaius\2.0.0.M7\spring-cloud-netflix-archaius-2.0.0.M7.jar;C:\RepositorioMaven\commons-configuration\commons-configuration\1.8\commons-configuration-1.8.jar;C:\RepositorioMaven\commons-lang\commons-lang\2.6\commons-lang-2.6.jar;C:\RepositorioMaven\com\fasterxml\jackson\core\jackson-annotations\2.9.0\jackson-annotations-2.9.0.jar;C:\RepositorioMaven\com\fasterxml\jackson\core\jackson-core\2.9.3\jackson-core-2.9.3.jar;C:\RepositorioMaven\com\google\guava\guava\18.0\guava-18.0.jar;C:\RepositorioMaven\org\springframework\cloud\spring-cloud-starter-netflix-ribbon\2.0.0.M7\spring-cloud-starter-netflix-ribbon-2.0.0.M7.jar;C:\RepositorioMaven\com\netflix\ribbon\ribbon\2.2.4\ribbon-2.2.4.jar;C:\RepositorioMaven\com\netflix\ribbon\ribbon-transport\2.2.4\ribbon-transport-2.2.4.jar;C:\RepositorioMaven\io\reactivex\rxnetty-contexts\0.4.9\rxnetty-contexts-0.4.9.jar;C:\RepositorioMaven\io\reactivex\rxnetty-servo\0.4.9\rxnetty-servo-0.4.9.jar;C:\RepositorioMaven\com\netflix\hystrix\hystrix-core\1.5.12\hystrix-core-1.5.12.jar;C:\RepositorioMaven\io\reactivex\rxnetty\0.4.9\rxnetty-0.4.9.jar;C:\RepositorioMaven\io\netty\netty-codec-http\4.1.22.Final\netty-codec-http-4.1.22.Final.jar;C:\RepositorioMaven\io\netty\netty-codec\4.1.22.Final\netty-codec-4.1.22.Final.jar;C:\RepositorioMaven\io\netty\netty-transport-native-epoll\4.1.22.Final\netty-transport-native-epoll-4.1.22.Final.jar;C:\RepositorioMaven\io\netty\netty-common\4.1.22.Final\netty-common-4.1.22.Final.jar;C:\RepositorioMaven\io\netty\netty-buffer\4.1.22.Final\netty-buffer-4.1.22.Final.jar;C:\RepositorioMaven\io\netty\netty-transport-native-unix-common\4.1.22.Final\netty-transport-native-unix-common-4.1.22.Final.jar;C:\RepositorioMaven\io\netty\netty-transport\4.1.22.Final\netty-transport-4.1.22.Final.jar;C:\RepositorioMaven\io\netty\netty-resolver\4.1.22.Final\netty-resolver-4.1.22.Final.jar;C:\RepositorioMaven\com\netflix\ribbon\ribbon-core\2.2.4\ribbon-core-2.2.4.jar;C:\RepositorioMaven\com\netflix\ribbon\ribbon-httpclient\2.2.4\ribbon-httpclient-2.2.4.jar;C:\RepositorioMaven\commons-collections\commons-collections\3.2.2\commons-collections-3.2.2.jar;C:\RepositorioMaven\com\netflix\netflix-commons\netflix-commons-util\0.1.1\netflix-commons-util-0.1.1.jar;C:\RepositorioMaven\com\netflix\ribbon\ribbon-loadbalancer\2.2.4\ribbon-loadbalancer-2.2.4.jar;C:\RepositorioMaven\com\netflix\netflix-commons\netflix-statistics\0.1.1\netflix-statistics-0.1.1.jar;C:\RepositorioMaven\io\reactivex\rxjava\1.3.6\rxjava-1.3.6.jar;C:\RepositorioMaven\com\netflix\ribbon\ribbon-eureka\2.2.4\ribbon-eureka-2.2.4.jar;C:\RepositorioMaven\org\springframework\boot\spring-boot-devtools\2.0.0.RELEASE\spring-boot-devtools-2.0.0.RELEASE.jar;C:\RepositorioMaven\org\springframework\boot\spring-boot\2.0.0.RELEASE\spring-boot-2.0.0.RELEASE.jar;C:\RepositorioMaven\org\springframework\boot\spring-boot-autoconfigure\2.0.0.RELEASE\spring-boot-autoconfigure-2.0.0.RELEASE.jar;C:\RepositorioMaven\ch\qos\logback\logback-classic\1.2.3\logback-classic-1.2.3.jar;C:\RepositorioMaven\org\slf4j\slf4j-api\1.7.25\slf4j-api-1.7.25.jar;C:\RepositorioMaven\ch\qos\logback\logback-core\1.2.3\logback-core-1.2.3.jar;C:\RepositorioMaven\org\springframework\boot\spring-boot-starter-test\2.0.0.RELEASE\spring-boot-starter-test-2.0.0.RELEASE.jar;C:\RepositorioMaven\org\springframework\boot\spring-boot-test\2.0.0.RELEASE\spring-boot-test-2.0.0.RELEASE.jar;C:\RepositorioMaven\org\springframework\boot\spring-boot-test-autoconfigure\2.0.0.RELEASE\spring-boot-test-autoconfigure-2.0.0.RELEASE.jar;C:\RepositorioMaven\com\jayway\jsonpath\json-path\2.4.0\json-path-2.4.0.jar;C:\RepositorioMaven\net\minidev\json-smart\2.3\json-smart-2.3.jar;C:\RepositorioMaven\net\minidev\accessors-smart\1.2\accessors-smart-1.2.jar;C:\RepositorioMaven\org\ow2\asm\asm\5.0.4\asm-5.0.4.jar;C:\RepositorioMaven\junit\junit\4.12\junit-4.12.jar;C:\RepositorioMaven\org\assertj\assertj-core\3.9.1\assertj-core-3.9.1.jar;C:\RepositorioMaven\org\mockito\mockito-core\2.15.0\mockito-core-2.15.0.jar;C:\RepositorioMaven\net\bytebuddy\byte-buddy\1.7.10\byte-buddy-1.7.10.jar;C:\RepositorioMaven\net\bytebuddy\byte-buddy-agent\1.7.10\byte-buddy-agent-1.7.10.jar;C:\RepositorioMaven\org\objenesis\objenesis\2.6\objenesis-2.6.jar;C:\RepositorioMaven\org\hamcrest\hamcrest-core\1.3\hamcrest-core-1.3.jar;C:\RepositorioMaven\org\hamcrest\hamcrest-library\1.3\hamcrest-library-1.3.jar;C:\RepositorioMaven\org\skyscreamer\jsonassert\1.5.0\jsonassert-1.5.0.jar;C:\RepositorioMaven\com\vaadin\external\google\android-json\0.0.20131108.vaadin1\android-json-0.0.20131108.vaadin1.jar;C:\RepositorioMaven\org\springframework\spring-core\5.0.4.RELEASE\spring-core-5.0.4.RELEASE.jar;C:\RepositorioMaven\org\springframework\spring-jcl\5.0.4.RELEASE\spring-jcl-5.0.4.RELEASE.jar;C:\RepositorioMaven\org\springframework\spring-test\5.0.4.RELEASE\spring-test-5.0.4.RELEASE.jar;C:\RepositorioMaven\org\xmlunit\xmlunit-core\2.5.1\xmlunit-core-2.5.1.jar;"/>
    <property name="java.vm.vendor" value="Oracle Corporation"/>
    <property name="sun.arch.data.model" value="64"/>
    <property name="user.variant" value=""/>
    <property name="java.vendor.url" value="http://java.oracle.com/"/>
    <property name="user.timezone" value=""/>
    <property name="java.vm.specification.version" value="1.8"/>
    <property name="os.name" value="Windows 10"/>
    <property name="user.country" value="ES"/>
    <property name="sun.java.launcher" value="SUN_STANDARD"/>
    <property name="sun.boot.library.path" value="C:\Program Files\java\jdk1.8.0_171\jre\bin"/>
    <property name="sun.java.command" value="C:\Users\jclopezm\AppData\Local\Temp\surefire5401140778162062740\surefirebooter720471656961581181.jar C:\Users\jclopezm\AppData\Local\Temp\surefire5401140778162062740 2020-02-24T12-24-22_924-jvmRun1 surefire5608714101795273716tmp surefire_02962576976207976449tmp"/>
    <property name="surefire.test.class.path" value="C:\workspaces_arquitectura\spring-boot-workspaces\workspace_microservicios\microservices-sample-project\discovery-server\target\test-classes;C:\workspaces_arquitectura\spring-boot-workspaces\workspace_microservicios\microservices-sample-project\discovery-server\target\classes;C:\RepositorioMaven\org\springframework\boot\spring-boot-starter-web\2.0.0.RELEASE\spring-boot-starter-web-2.0.0.RELEASE.jar;C:\RepositorioMaven\org\springframework\boot\spring-boot-starter\2.0.0.RELEASE\spring-boot-starter-2.0.0.RELEASE.jar;C:\RepositorioMaven\org\springframework\boot\spring-boot-starter-logging\2.0.0.RELEASE\spring-boot-starter-logging-2.0.0.RELEASE.jar;C:\RepositorioMaven\org\apache\logging\log4j\log4j-to-slf4j\2.10.0\log4j-to-slf4j-2.10.0.jar;C:\RepositorioMaven\org\apache\logging\log4j\log4j-api\2.10.0\log4j-api-2.10.0.jar;C:\RepositorioMaven\org\slf4j\jul-to-slf4j\1.7.25\jul-to-slf4j-1.7.25.jar;C:\RepositorioMaven\javax\annotation\javax.annotation-api\1.3.2\javax.annotation-api-1.3.2.jar;C:\RepositorioMaven\org\yaml\snakeyaml\1.19\snakeyaml-1.19.jar;C:\RepositorioMaven\org\springframework\boot\spring-boot-starter-json\2.0.0.RELEASE\spring-boot-starter-json-2.0.0.RELEASE.jar;C:\RepositorioMaven\com\fasterxml\jackson\core\jackson-databind\2.9.3\jackson-databind-2.9.3.jar;C:\RepositorioMaven\com\fasterxml\jackson\datatype\jackson-datatype-jdk8\2.9.3\jackson-datatype-jdk8-2.9.3.jar;C:\RepositorioMaven\com\fasterxml\jackson\datatype\jackson-datatype-jsr310\2.9.3\jackson-datatype-jsr310-2.9.3.jar;C:\RepositorioMaven\com\fasterxml\jackson\module\jackson-module-parameter-names\2.9.3\jackson-module-parameter-names-2.9.3.jar;C:\RepositorioMaven\org\hibernate\validator\hibernate-validator\6.0.7.Final\hibernate-validator-6.0.7.Final.jar;C:\RepositorioMaven\javax\validation\validation-api\2.0.1.Final\validation-api-2.0.1.Final.jar;C:\RepositorioMaven\org\jboss\logging\jboss-logging\3.3.2.Final\jboss-logging-3.3.2.Final.jar;C:\RepositorioMaven\com\fasterxml\classmate\1.3.4\classmate-1.3.4.jar;C:\RepositorioMaven\org\springframework\spring-web\5.0.4.RELEASE\spring-web-5.0.4.RELEASE.jar;C:\RepositorioMaven\org\springframework\spring-beans\5.0.4.RELEASE\spring-beans-5.0.4.RELEASE.jar;C:\RepositorioMaven\org\springframework\spring-webmvc\5.0.4.RELEASE\spring-webmvc-5.0.4.RELEASE.jar;C:\RepositorioMaven\org\springframework\spring-aop\5.0.4.RELEASE\spring-aop-5.0.4.RELEASE.jar;C:\RepositorioMaven\org\springframework\spring-context\5.0.4.RELEASE\spring-context-5.0.4.RELEASE.jar;C:\RepositorioMaven\org\springframework\spring-expression\5.0.4.RELEASE\spring-expression-5.0.4.RELEASE.jar;C:\RepositorioMaven\org\springframework\boot\spring-boot-starter-undertow\2.0.0.RELEASE\spring-boot-starter-undertow-2.0.0.RELEASE.jar;C:\RepositorioMaven\io\undertow\undertow-core\1.4.22.Final\undertow-core-1.4.22.Final.jar;C:\RepositorioMaven\org\jboss\xnio\xnio-api\3.3.8.Final\xnio-api-3.3.8.Final.jar;C:\RepositorioMaven\org\jboss\xnio\xnio-nio\3.3.8.Final\xnio-nio-3.3.8.Final.jar;C:\RepositorioMaven\io\undertow\undertow-servlet\1.4.22.Final\undertow-servlet-1.4.22.Final.jar;C:\RepositorioMaven\org\jboss\spec\javax\annotation\jboss-annotations-api_1.2_spec\1.0.0.Final\jboss-annotations-api_1.2_spec-1.0.0.Final.jar;C:\RepositorioMaven\io\undertow\undertow-websockets-jsr\1.4.22.Final\undertow-websockets-jsr-1.4.22.Final.jar;C:\RepositorioMaven\org\jboss\spec\javax\websocket\jboss-websocket-api_1.1_spec\1.1.0.Final\jboss-websocket-api_1.1_spec-1.1.0.Final.jar;C:\RepositorioMaven\javax\servlet\javax.servlet-api\3.1.0\javax.servlet-api-3.1.0.jar;C:\RepositorioMaven\org\glassfish\javax.el\3.0.0\javax.el-3.0.0.jar;C:\RepositorioMaven\org\springframework\cloud\spring-cloud-starter\2.0.0.M8\spring-cloud-starter-2.0.0.M8.jar;C:\RepositorioMaven\org\springframework\cloud\spring-cloud-context\2.0.0.M8\spring-cloud-context-2.0.0.M8.jar;C:\RepositorioMaven\org\springframework\security\spring-security-crypto\5.0.3.RELEASE\spring-security-crypto-5.0.3.RELEASE.jar;C:\RepositorioMaven\org\springframework\cloud\spring-cloud-commons\2.0.0.M8\spring-cloud-commons-2.0.0.M8.jar;C:\RepositorioMaven\org\apache\httpcomponents\httpclient\4.5.5\httpclient-4.5.5.jar;C:\RepositorioMaven\org\apache\httpcomponents\httpcore\4.4.9\httpcore-4.4.9.jar;C:\RepositorioMaven\commons-codec\commons-codec\1.11\commons-codec-1.11.jar;C:\RepositorioMaven\org\springframework\security\spring-security-rsa\1.0.5.RELEASE\spring-security-rsa-1.0.5.RELEASE.jar;C:\RepositorioMaven\org\bouncycastle\bcpkix-jdk15on\1.56\bcpkix-jdk15on-1.56.jar;C:\RepositorioMaven\org\bouncycastle\bcprov-jdk15on\1.56\bcprov-jdk15on-1.56.jar;C:\RepositorioMaven\org\springframework\cloud\spring-cloud-starter-netflix-eureka-server\2.0.0.M7\spring-cloud-starter-netflix-eureka-server-2.0.0.M7.jar;C:\RepositorioMaven\org\springframework\cloud\spring-cloud-netflix-eureka-server\2.0.0.M7\spring-cloud-netflix-eureka-server-2.0.0.M7.jar;C:\RepositorioMaven\org\springframework\boot\spring-boot-starter-actuator\2.0.0.RELEASE\spring-boot-starter-actuator-2.0.0.RELEASE.jar;C:\RepositorioMaven\org\springframework\boot\spring-boot-actuator-autoconfigure\2.0.0.RELEASE\spring-boot-actuator-autoconfigure-2.0.0.RELEASE.jar;C:\RepositorioMaven\org\springframework\boot\spring-boot-actuator\2.0.0.RELEASE\spring-boot-actuator-2.0.0.RELEASE.jar;C:\RepositorioMaven\io\micrometer\micrometer-core\1.0.1\micrometer-core-1.0.1.jar;C:\RepositorioMaven\org\hdrhistogram\HdrHistogram\2.1.10\HdrHistogram-2.1.10.jar;C:\RepositorioMaven\org\latencyutils\LatencyUtils\2.0.3\LatencyUtils-2.0.3.jar;C:\RepositorioMaven\org\springframework\boot\spring-boot-starter-freemarker\2.0.0.RELEASE\spring-boot-starter-freemarker-2.0.0.RELEASE.jar;C:\RepositorioMaven\org\freemarker\freemarker\2.3.27-incubating\freemarker-2.3.27-incubating.jar;C:\RepositorioMaven\org\springframework\spring-context-support\5.0.4.RELEASE\spring-context-support-5.0.4.RELEASE.jar;C:\RepositorioMaven\org\springframework\cloud\spring-cloud-netflix-core\2.0.0.M7\spring-cloud-netflix-core-2.0.0.M7.jar;C:\RepositorioMaven\org\springframework\boot\spring-boot-starter-aop\2.0.0.RELEASE\spring-boot-starter-aop-2.0.0.RELEASE.jar;C:\RepositorioMaven\org\aspectj\aspectjweaver\1.8.13\aspectjweaver-1.8.13.jar;C:\RepositorioMaven\org\springframework\cloud\spring-cloud-netflix-eureka-client\2.0.0.M7\spring-cloud-netflix-eureka-client-2.0.0.M7.jar;C:\RepositorioMaven\com\netflix\eureka\eureka-client\1.8.6\eureka-client-1.8.6.jar;C:\RepositorioMaven\org\codehaus\jettison\jettison\1.3.7\jettison-1.3.7.jar;C:\RepositorioMaven\stax\stax-api\1.0.1\stax-api-1.0.1.jar;C:\RepositorioMaven\com\netflix\netflix-commons\netflix-eventbus\0.3.0\netflix-eventbus-0.3.0.jar;C:\RepositorioMaven\com\netflix\netflix-commons\netflix-infix\0.3.0\netflix-infix-0.3.0.jar;C:\RepositorioMaven\commons-jxpath\commons-jxpath\1.3\commons-jxpath-1.3.jar;C:\RepositorioMaven\joda-time\joda-time\2.9.9\joda-time-2.9.9.jar;C:\RepositorioMaven\org\antlr\antlr-runtime\3.4\antlr-runtime-3.4.jar;C:\RepositorioMaven\org\antlr\stringtemplate\3.2.1\stringtemplate-3.2.1.jar;C:\RepositorioMaven\antlr\antlr\2.7.7\antlr-2.7.7.jar;C:\RepositorioMaven\com\google\code\gson\gson\2.8.2\gson-2.8.2.jar;C:\RepositorioMaven\org\apache\commons\commons-math\2.2\commons-math-2.2.jar;C:\RepositorioMaven\javax\ws\rs\jsr311-api\1.1.1\jsr311-api-1.1.1.jar;C:\RepositorioMaven\com\netflix\servo\servo-core\0.10.1\servo-core-0.10.1.jar;C:\RepositorioMaven\com\netflix\servo\servo-internal\0.10.1\servo-internal-0.10.1.jar;C:\RepositorioMaven\com\sun\jersey\jersey-core\1.19.1\jersey-core-1.19.1.jar;C:\RepositorioMaven\com\sun\jersey\jersey-client\1.19.1\jersey-client-1.19.1.jar;C:\RepositorioMaven\com\sun\jersey\contribs\jersey-apache-client4\1.19.1\jersey-apache-client4-1.19.1.jar;C:\RepositorioMaven\com\google\inject\guice\4.1.0\guice-4.1.0.jar;C:\RepositorioMaven\aopalliance\aopalliance\1.0\aopalliance-1.0.jar;C:\RepositorioMaven\com\github\vlsi\compactmap\compactmap\1.2.1\compactmap-1.2.1.jar;C:\RepositorioMaven\com\github\andrewoma\dexx\dexx-collections\0.2\dexx-collections-0.2.jar;C:\RepositorioMaven\com\sun\jersey\jersey-servlet\1.19.1\jersey-servlet-1.19.1.jar;C:\RepositorioMaven\com\sun\jersey\jersey-server\1.19.1\jersey-server-1.19.1.jar;C:\RepositorioMaven\com\netflix\eureka\eureka-core\1.8.6\eureka-core-1.8.6.jar;C:\RepositorioMaven\org\codehaus\woodstox\woodstox-core-asl\4.4.1\woodstox-core-asl-4.4.1.jar;C:\RepositorioMaven\javax\xml\stream\stax-api\1.0-2\stax-api-1.0-2.jar;C:\RepositorioMaven\com\netflix\archaius\archaius-core\0.7.5\archaius-core-0.7.5.jar;C:\RepositorioMaven\com\google\code\findbugs\jsr305\3.0.1\jsr305-3.0.1.jar;C:\RepositorioMaven\javax\inject\javax.inject\1\javax.inject-1.jar;C:\RepositorioMaven\com\fasterxml\jackson\dataformat\jackson-dataformat-xml\2.9.3\jackson-dataformat-xml-2.9.3.jar;C:\RepositorioMaven\com\fasterxml\jackson\module\jackson-module-jaxb-annotations\2.9.3\jackson-module-jaxb-annotations-2.9.3.jar;C:\RepositorioMaven\org\codehaus\woodstox\stax2-api\3.1.4\stax2-api-3.1.4.jar;C:\RepositorioMaven\com\fasterxml\woodstox\woodstox-core\5.0.3\woodstox-core-5.0.3.jar;C:\RepositorioMaven\com\thoughtworks\xstream\xstream\1.4.9\xstream-1.4.9.jar;C:\RepositorioMaven\xmlpull\xmlpull\1.1.3.1\xmlpull-1.1.3.1.jar;C:\RepositorioMaven\xpp3\xpp3_min\1.1.4c\xpp3_min-1.1.4c.jar;C:\RepositorioMaven\org\springframework\cloud\spring-cloud-starter-netflix-archaius\2.0.0.M7\spring-cloud-starter-netflix-archaius-2.0.0.M7.jar;C:\RepositorioMaven\org\springframework\cloud\spring-cloud-netflix-ribbon\2.0.0.M7\spring-cloud-netflix-ribbon-2.0.0.M7.jar;C:\RepositorioMaven\org\springframework\cloud\spring-cloud-netflix-archaius\2.0.0.M7\spring-cloud-netflix-archaius-2.0.0.M7.jar;C:\RepositorioMaven\commons-configuration\commons-configuration\1.8\commons-configuration-1.8.jar;C:\RepositorioMaven\commons-lang\commons-lang\2.6\commons-lang-2.6.jar;C:\RepositorioMaven\com\fasterxml\jackson\core\jackson-annotations\2.9.0\jackson-annotations-2.9.0.jar;C:\RepositorioMaven\com\fasterxml\jackson\core\jackson-core\2.9.3\jackson-core-2.9.3.jar;C:\RepositorioMaven\com\google\guava\guava\18.0\guava-18.0.jar;C:\RepositorioMaven\org\springframework\cloud\spring-cloud-starter-netflix-ribbon\2.0.0.M7\spring-cloud-starter-netflix-ribbon-2.0.0.M7.jar;C:\RepositorioMaven\com\netflix\ribbon\ribbon\2.2.4\ribbon-2.2.4.jar;C:\RepositorioMaven\com\netflix\ribbon\ribbon-transport\2.2.4\ribbon-transport-2.2.4.jar;C:\RepositorioMaven\io\reactivex\rxnetty-contexts\0.4.9\rxnetty-contexts-0.4.9.jar;C:\RepositorioMaven\io\reactivex\rxnetty-servo\0.4.9\rxnetty-servo-0.4.9.jar;C:\RepositorioMaven\com\netflix\hystrix\hystrix-core\1.5.12\hystrix-core-1.5.12.jar;C:\RepositorioMaven\io\reactivex\rxnetty\0.4.9\rxnetty-0.4.9.jar;C:\RepositorioMaven\io\netty\netty-codec-http\4.1.22.Final\netty-codec-http-4.1.22.Final.jar;C:\RepositorioMaven\io\netty\netty-codec\4.1.22.Final\netty-codec-4.1.22.Final.jar;C:\RepositorioMaven\io\netty\netty-transport-native-epoll\4.1.22.Final\netty-transport-native-epoll-4.1.22.Final.jar;C:\RepositorioMaven\io\netty\netty-common\4.1.22.Final\netty-common-4.1.22.Final.jar;C:\RepositorioMaven\io\netty\netty-buffer\4.1.22.Final\netty-buffer-4.1.22.Final.jar;C:\RepositorioMaven\io\netty\netty-transport-native-unix-common\4.1.22.Final\netty-transport-native-unix-common-4.1.22.Final.jar;C:\RepositorioMaven\io\netty\netty-transport\4.1.22.Final\netty-transport-4.1.22.Final.jar;C:\RepositorioMaven\io\netty\netty-resolver\4.1.22.Final\netty-resolver-4.1.22.Final.jar;C:\RepositorioMaven\com\netflix\ribbon\ribbon-core\2.2.4\ribbon-core-2.2.4.jar;C:\RepositorioMaven\com\netflix\ribbon\ribbon-httpclient\2.2.4\ribbon-httpclient-2.2.4.jar;C:\RepositorioMaven\commons-collections\commons-collections\3.2.2\commons-collections-3.2.2.jar;C:\RepositorioMaven\com\netflix\netflix-commons\netflix-commons-util\0.1.1\netflix-commons-util-0.1.1.jar;C:\RepositorioMaven\com\netflix\ribbon\ribbon-loadbalancer\2.2.4\ribbon-loadbalancer-2.2.4.jar;C:\RepositorioMaven\com\netflix\netflix-commons\netflix-statistics\0.1.1\netflix-statistics-0.1.1.jar;C:\RepositorioMaven\io\reactivex\rxjava\1.3.6\rxjava-1.3.6.jar;C:\RepositorioMaven\com\netflix\ribbon\ribbon-eureka\2.2.4\ribbon-eureka-2.2.4.jar;C:\RepositorioMaven\org\springframework\boot\spring-boot-devtools\2.0.0.RELEASE\spring-boot-devtools-2.0.0.RELEASE.jar;C:\RepositorioMaven\org\springframework\boot\spring-boot\2.0.0.RELEASE\spring-boot-2.0.0.RELEASE.jar;C:\RepositorioMaven\org\springframework\boot\spring-boot-autoconfigure\2.0.0.RELEASE\spring-boot-autoconfigure-2.0.0.RELEASE.jar;C:\RepositorioMaven\ch\qos\logback\logback-classic\1.2.3\logback-classic-1.2.3.jar;C:\RepositorioMaven\org\slf4j\slf4j-api\1.7.25\slf4j-api-1.7.25.jar;C:\RepositorioMaven\ch\qos\logback\logback-core\1.2.3\logback-core-1.2.3.jar;C:\RepositorioMaven\org\springframework\boot\spring-boot-starter-test\2.0.0.RELEASE\spring-boot-starter-test-2.0.0.RELEASE.jar;C:\RepositorioMaven\org\springframework\boot\spring-boot-test\2.0.0.RELEASE\spring-boot-test-2.0.0.RELEASE.jar;C:\RepositorioMaven\org\springframework\boot\spring-boot-test-autoconfigure\2.0.0.RELEASE\spring-boot-test-autoconfigure-2.0.0.RELEASE.jar;C:\RepositorioMaven\com\jayway\jsonpath\json-path\2.4.0\json-path-2.4.0.jar;C:\RepositorioMaven\net\minidev\json-smart\2.3\json-smart-2.3.jar;C:\RepositorioMaven\net\minidev\accessors-smart\1.2\accessors-smart-1.2.jar;C:\RepositorioMaven\org\ow2\asm\asm\5.0.4\asm-5.0.4.jar;C:\RepositorioMaven\junit\junit\4.12\junit-4.12.jar;C:\RepositorioMaven\org\assertj\assertj-core\3.9.1\assertj-core-3.9.1.jar;C:\RepositorioMaven\org\mockito\mockito-core\2.15.0\mockito-core-2.15.0.jar;C:\RepositorioMaven\net\bytebuddy\byte-buddy\1.7.10\byte-buddy-1.7.10.jar;C:\RepositorioMaven\net\bytebuddy\byte-buddy-agent\1.7.10\byte-buddy-agent-1.7.10.jar;C:\RepositorioMaven\org\objenesis\objenesis\2.6\objenesis-2.6.jar;C:\RepositorioMaven\org\hamcrest\hamcrest-core\1.3\hamcrest-core-1.3.jar;C:\RepositorioMaven\org\hamcrest\hamcrest-library\1.3\hamcrest-library-1.3.jar;C:\RepositorioMaven\org\skyscreamer\jsonassert\1.5.0\jsonassert-1.5.0.jar;C:\RepositorioMaven\com\vaadin\external\google\android-json\0.0.20131108.vaadin1\android-json-0.0.20131108.vaadin1.jar;C:\RepositorioMaven\org\springframework\spring-core\5.0.4.RELEASE\spring-core-5.0.4.RELEASE.jar;C:\RepositorioMaven\org\springframework\spring-jcl\5.0.4.RELEASE\spring-jcl-5.0.4.RELEASE.jar;C:\RepositorioMaven\org\springframework\spring-test\5.0.4.RELEASE\spring-test-5.0.4.RELEASE.jar;C:\RepositorioMaven\org\xmlunit\xmlunit-core\2.5.1\xmlunit-core-2.5.1.jar;"/>
    <property name="sun.cpu.endian" value="little"/>
    <property name="user.home" value="C:\Users\jclopezm"/>
    <property name="user.language" value="es"/>
    <property name="java.specification.vendor" value="Oracle Corporation"/>
    <property name="java.home" value="C:\Program Files\java\jdk1.8.0_171\jre"/>
    <property name="basedir" value="C:\workspaces_arquitectura\spring-boot-workspaces\workspace_microservicios\microservices-sample-project\discovery-server"/>
    <property name="file.separator" value="\"/>
    <property name="line.separator" value="&#10;"/>
    <property name="java.vm.specification.vendor" value="Oracle Corporation"/>
    <property name="java.specification.name" value="Java Platform API Specification"/>
    <property name="java.awt.graphicsenv" value="sun.awt.Win32GraphicsEnvironment"/>
    <property name="surefire.real.class.path" value="C:\Users\jclopezm\AppData\Local\Temp\surefire5401140778162062740\surefirebooter720471656961581181.jar"/>
    <property name="sun.boot.class.path" value="C:\Program Files\java\jdk1.8.0_171\jre\lib\resources.jar;C:\Program Files\java\jdk1.8.0_171\jre\lib\rt.jar;C:\Program Files\java\jdk1.8.0_171\jre\lib\sunrsasign.jar;C:\Program Files\java\jdk1.8.0_171\jre\lib\jsse.jar;C:\Program Files\java\jdk1.8.0_171\jre\lib\jce.jar;C:\Program Files\java\jdk1.8.0_171\jre\lib\charsets.jar;C:\Program Files\java\jdk1.8.0_171\jre\lib\jfr.jar;C:\Program Files\java\jdk1.8.0_171\jre\classes"/>
    <property name="user.script" value=""/>
    <property name="sun.management.compiler" value="HotSpot 64-Bit Tiered Compilers"/>
    <property name="java.runtime.version" value="1.8.0_171-b11"/>
    <property name="user.name" value="jclopezm"/>
    <property name="path.separator" value=";"/>
    <property name="os.version" value="10.0"/>
    <property name="java.endorsed.dirs" value="C:\Program Files\java\jdk1.8.0_171\jre\lib\endorsed"/>
    <property name="java.runtime.name" value="Java(TM) SE Runtime Environment"/>
    <property name="file.encoding" value="Cp1252"/>
    <property name="java.vm.name" value="Java HotSpot(TM) 64-Bit Server VM"/>
    <property name="localRepository" value="C:\RepositorioMaven"/>
    <property name="java.vendor.url.bug" value="http://bugreport.sun.com/bugreport/"/>
    <property name="java.io.tmpdir" value="C:\Users\jclopezm\AppData\Local\Temp\"/>
    <property name="java.version" value="1.8.0_171"/>
    <property name="user.dir" value="C:\workspaces_arquitectura\spring-boot-workspaces\workspace_microservicios\microservices-sample-project\discovery-server"/>
    <property name="os.arch" value="amd64"/>
    <property name="java.vm.specification.name" value="Java Virtual Machine Specification"/>
    <property name="java.awt.printerjob" value="sun.awt.windows.WPrinterJob"/>
    <property name="sun.os.patch.level" value=""/>
    <property name="java.library.path" value="C:\Program Files\java\jdk1.8.0_171\jre\bin;C:\Windows\Sun\Java\bin;C:\Windows\system32;C:\Windows;C:/Program Files/Java/jdk1.8.0_171/bin/../jre/bin/server;C:/Program Files/Java/jdk1.8.0_171/bin/../jre/bin;C:/Program Files/Java/jdk1.8.0_171/bin/../jre/lib/amd64;C:\Producto\kubectl;C:\Producto\curl-7.63.0-win64-mingw\bin;C:\ProgramData\Boxstarter;C:\Program Files\Git\bin;C:\Program Files\Git\usr\bin;C:\Windows\system32;C:\Windows;C:\Windows\System32\Wbem;C:\Windows\System32\WindowsPowerShell\v1.0\;C:\Windows\System32\OpenSSH\;C:\Program Files\Intel\WiFi\bin\;C:\Program Files\Common Files\Intel\WirelessCommon\;C:\Producto\mongodb-win32-x86_64-enterprise-windows-64-4.2.2\bin;C:\Producto\apache-maven-3.5.4\bin;C:\Program Files\Java\jdk1.8.0_171\bin;C:\Producto\apache-ant-1.9.9\bin;C:\Producto\gradle-2.7\bin;C:\ProgramData\chocolatey\bin;C:\Program Files\Git\cmd;C:\Users\jclopezm\AppData\Local\Android\Sdk\platform-tools;C:\Program Files (x86)\Microsoft Emulator Manager\1.0\;C:\Program Files\dotnet\;C:\Users\jclopezm\AppData\Local\Android\Sdk\emulator;C:\Producto\flutter\bin;C:\Producto\Yarn\bin\;C:\Producto\nodejs\;C:\Producto\Vagrant\bin;C:\Program Files\Oracle\VirtualBox;C:\Producto\Terraform;C:\Producto\Packer;C:\Program Files\R\R-3.6.1\bin;C:\Producto\Python\Python38-32;;C:\Program Files\Docker\Docker\resources\bin;C:\ProgramData\DockerDesktop\version-bin;C:\Producto\Go\bin;C:\Program Files\MySQL\MySQL Shell 8.0\bin\;C:\Users\jclopezm\AppData\Local\Yarn\bin;C:\Users\jclopezm\AppData\Roaming\npm;C:\Producto\heroku\bin;C:\Producto\Google\Cloud SDK\google-cloud-sdk\bin;C:\Users\jclopezm\AppData\Local\Programs\Microsoft VS Code\bin;C:\Users\jclopezm\go\bin;C:\eclipse-jee-oxygen-2-win32-x86_64\eclipse - papyrus;;."/>
    <property name="java.vm.info" value="mixed mode"/>
    <property name="java.vendor" value="Oracle Corporation"/>
    <property name="java.vm.version" value="25.171-b11"/>
    <property name="java.ext.dirs" value="C:\Program Files\java\jdk1.8.0_171\jre\lib\ext;C:\Windows\Sun\Java\lib\ext"/>
    <property name="sun.io.unicode.encoding" value="UnicodeLittle"/>
    <property name="java.class.version" value="52.0"/>
  </properties>
  <testcase name="testApp" classname="com.nexca.regserver.AppTest" time="0.003"/>
</testsuite>